<?xml version="1.0" encoding="UTF-8"?>
<!-- Generated by org.testng.reporters.JUnitReportReporter -->
<testsuite hostname="Sammers-Mac-mini.local" failures="0" tests="5" name="api_Crater.CraterItem" time="5.413" errors="0" timestamp="12 May 2023 17:52:05 GMT" skipped="0">
  <testcase classname="api_Crater.CraterItem" name="login" time="2.582"/>
  <testcase classname="api_Crater.CraterItem" name="invalidScenario" time="0.927"/>
  <testcase classname="api_Crater.CraterItem" name="logout" time="0.487"/>
  <testcase classname="api_Crater.CraterItem" name="logoutWithIncorrectAuthorization" time="0.760"/>
  <testcase classname="api_Crater.CraterItem" name="logoutWithIncorrectEndpoint" time="0.657"/>
</testsuite> <!-- api_Crater.CraterItem -->
